# JRE version: Java(TM) SE Runtime Environment (8.0_191-b12) (build 1.8.0_191-b12)
# Java VM: Java HotSpot(TM) Client VM (25.191-b12 mixed mode windows-x86 )
Heap:
 def new generation   total 157248K, used 6872K [0x05400000, 0x0fea0000, 0x0fea0000)
  eden space 139776K,   4% used [0x05400000, 0x05ab6370, 0x0dc80000)
  from space 17472K,   0% used [0x0dc80000, 0x0dc80000, 0x0ed90000)
  to   space 17472K,   0% used [0x0ed90000, 0x0ed90000, 0x0fea0000)
 tenured generation   total 349568K, used 282258K [0x0fea0000, 0x25400000, 0x25400000)
   the space 349568K,  80% used [0x0fea0000, 0x21244ab0, 0x21244c00, 0x25400000)
 Metaspace       used 22063K, capacity 22596K, committed 22656K, reserved 22912K
GC Heap History (10 events):
Event: 44584.218 GC heap before
{Heap before GC invocations=26 (full 2):
 def new generation   total 73664K, used 73565K [0x05400000, 0x0a3e0000, 0x0fea0000)
  eden space 65536K,  99% used [0x05400000, 0x093e7700, 0x09400000)
  from space 8128K,  99% used [0x09400000, 0x09befff8, 0x09bf0000)
  to   space 8128K,   0% used [0x09bf0000, 0x09bf0000, 0x0a3e0000)
 tenured generation   total 163504K, used 118540K [0x0fea0000, 0x19e4c000, 0x25400000)
   the space 163504K,  72% used [0x0fea0000, 0x172632b8, 0x17263400, 0x19e4c000)
 Metaspace       used 21548K, capacity 22052K, committed 22144K, reserved 22912K
Event: 44584.238 GC heap after
Heap after GC invocations=27 (full 2):
 def new generation   total 73664K, used 6983K [0x05400000, 0x0a3e0000, 0x0fea0000)
  eden space 65536K,   0% used [0x05400000, 0x05400000, 0x09400000)
  from space 8128K,  85% used [0x09bf0000, 0x0a2c1c88, 0x0a3e0000)
  to   space 8128K,   0% used [0x09400000, 0x09400000, 0x09bf0000)
 tenured generation   total 163504K, used 129972K [0x0fea0000, 0x19e4c000, 0x25400000)
   the space 163504K,  79% used [0x0fea0000, 0x17d8d158, 0x17d8d200, 0x19e4c000)
 Metaspace       used 21548K, capacity 22052K, committed 22144K, reserved 22912K
}
Event: 44586.104 GC heap before
{Heap before GC invocations=27 (full 2):
 def new generation   total 73664K, used 72321K [0x05400000, 0x0a3e0000, 0x0fea0000)
  eden space 65536K,  99% used [0x05400000, 0x093ce850, 0x09400000)
  from space 8128K,  85% used [0x09bf0000, 0x0a2c1c88, 0x0a3e0000)
  to   space 8128K,   0% used [0x09400000, 0x09400000, 0x09bf0000)
 tenured generation   total 163504K, used 129972K [0x0fea0000, 0x19e4c000, 0x25400000)
   the space 163504K,  79% used [0x0fea0000, 0x17d8d158, 0x17d8d200, 0x19e4c000)
 Metaspace       used 21829K, capacity 22342K, committed 22400K, reserved 22912K
Event: 44586.157 GC heap after
Heap after GC invocations=28 (full 2):
 def new generation   total 73664K, used 8127K [0x05400000, 0x0a3e0000, 0x0fea0000)
  eden space 65536K,   0% used [0x05400000, 0x05400000, 0x09400000)
  from space 8128K,  99% used [0x09400000, 0x09befff8, 0x09bf0000)
  to   space 8128K,   0% used [0x09bf0000, 0x09bf0000, 0x0a3e0000)
 tenured generation   total 163504K, used 150136K [0x0fea0000, 0x19e4c000, 0x25400000)
   the space 163504K,  91% used [0x0fea0000, 0x1913e0b8, 0x1913e200, 0x19e4c000)
 Metaspace       used 21829K, capacity 22342K, committed 22400K, reserved 22912K
}
Event: 44586.540 GC heap before
{Heap before GC invocations=28 (full 2):
 def new generation   total 73664K, used 60150K [0x05400000, 0x0a3e0000, 0x0fea0000)
  eden space 65536K,  79% used [0x05400000, 0x086cda58, 0x09400000)
  from space 8128K,  99% used [0x09400000, 0x09befff8, 0x09bf0000)
  to   space 8128K,   0% used [0x09bf0000, 0x09bf0000, 0x0a3e0000)
 tenured generation   total 163504K, used 150136K [0x0fea0000, 0x19e4c000, 0x25400000)
   the space 163504K,  91% used [0x0fea0000, 0x1913e0b8, 0x1913e200, 0x19e4c000)
 Metaspace       used 21829K, capacity 22342K, committed 22400K, reserved 22912K
Event: 44586.923 GC heap after
Heap after GC invocations=29 (full 3):
 def new generation   total 110464K, used 0K [0x05400000, 0x0cbd0000, 0x0fea0000)
  eden space 98240K,   0% used [0x05400000, 0x05400000, 0x0b3f0000)
  from space 12224K,   0% used [0x0b3f0000, 0x0b3f0000, 0x0bfe0000)
  to   space 12224K,   0% used [0x0bfe0000, 0x0bfe0000, 0x0cbd0000)
 tenured generation   total 245232K, used 147138K [0x0fea0000, 0x1ee1c000, 0x25400000)
   the space 245232K,  59% used [0x0fea0000, 0x18e509e8, 0x18e50a00, 0x1ee1c000)
 Metaspace       used 21825K, capacity 22337K, committed 22400K, reserved 22912K
}
Event: 44587.420 GC heap before
{Heap before GC invocations=29 (full 3):
 def new generation   total 110464K, used 98240K [0x05400000, 0x0cbd0000, 0x0fea0000)
  eden space 98240K, 100% used [0x05400000, 0x0b3f0000, 0x0b3f0000)
  from space 12224K,   0% used [0x0b3f0000, 0x0b3f0000, 0x0bfe0000)
  to   space 12224K,   0% used [0x0bfe0000, 0x0bfe0000, 0x0cbd0000)
 tenured generation   total 245232K, used 147138K [0x0fea0000, 0x1ee1c000, 0x25400000)
   the space 245232K,  59% used [0x0fea0000, 0x18e509e8, 0x18e50a00, 0x1ee1c000)
 Metaspace       used 21912K, capacity 22436K, committed 22528K, reserved 22912K
Event: 44587.575 GC heap after
Heap after GC invocations=30 (full 3):
 def new generation   total 110464K, used 12224K [0x05400000, 0x0cbd0000, 0x0fea0000)
  eden space 98240K,   0% used [0x05400000, 0x05400000, 0x0b3f0000)
  from space 12224K, 100% used [0x0bfe0000, 0x0cbd0000, 0x0cbd0000)
  to   space 12224K,   0% used [0x0b3f0000, 0x0b3f0000, 0x0bfe0000)
 tenured generation   total 245232K, used 207831K [0x0fea0000, 0x1ee1c000, 0x25400000)
   the space 245232K,  84% used [0x0fea0000, 0x1c995cf0, 0x1c995e00, 0x1ee1c000)
 Metaspace       used 21912K, capacity 22436K, committed 22528K, reserved 22912K
}
Event: 44587.764 GC heap before
{Heap before GC invocations=30 (full 3):
 def new generation   total 110464K, used 110464K [0x05400000, 0x0cbd0000, 0x0fea0000)
  eden space 98240K, 100% used [0x05400000, 0x0b3f0000, 0x0b3f0000)
  from space 12224K, 100% used [0x0bfe0000, 0x0cbd0000, 0x0cbd0000)
  to   space 12224K,   0% used [0x0b3f0000, 0x0b3f0000, 0x0bfe0000)
 tenured generation   total 245232K, used 207831K [0x0fea0000, 0x1ee1c000, 0x25400000)
   the space 245232K,  84% used [0x0fea0000, 0x1c995cf0, 0x1c995e00, 0x1ee1c000)
 Metaspace       used 21912K, capacity 22436K, committed 22528K, reserved 22912K
Event: 44588.600 GC heap after
Heap after GC invocations=31 (full 4):
 def new generation   total 157248K, used 0K [0x05400000, 0x0fea0000, 0x0fea0000)
  eden space 139776K,   0% used [0x05400000, 0x05400000, 0x0dc80000)
  from space 17472K,   0% used [0x0dc80000, 0x0dc80000, 0x0ed90000)
  to   space 17472K,   0% used [0x0ed90000, 0x0ed90000, 0x0fea0000)
 tenured generation   total 349568K, used 282258K [0x0fea0000, 0x25400000, 0x25400000)
   the space 349568K,  80% used [0x0fea0000, 0x21244ab0, 0x21244c00, 0x25400000)
 Metaspace       used 21912K, capacity 22436K, committed 22528K, reserved 22912K
}

